<?xml version="1.0" encoding="UTF-8"?>
<!-- Generated by org.testng.reporters.JUnitReportReporter -->
<testsuite skipped="3" hostname="DESKTOP-7UV0A7E" name="org.api.AsanaGetRequestTest01" tests="9" failures="0" timestamp="2022-10-21T12:19:13 IST" time="17.349" errors="0">
  <testcase name="JsonPathExampleTest" time="5.716" classname="org.api.AsanaGetRequestTest01"/>
  <system-out/>
  <testcase name="Test03" time="2.060" classname="org.api.AsanaGetRequestTest01"/>
  <system-out/>
  <testcase name="getAsanaWorkSpacesTest01" time="1.938" classname="org.api.AsanaGetRequestTest01"/>
  <system-out/>
  <testcase name="getTotalAsanaProjectsTest02" time="1.843" classname="org.api.AsanaGetRequestTest01"/>
  <system-out/>
  <testcase name="GetAsanaUsersTest04" time="4.161" classname="org.api.AsanaGetRequestTest01"/>
  <system-out/>
  <testcase name="GetAsanaUsersUnderWorkspaceTest04" time="1.631" classname="org.api.AsanaGetRequestTest01"/>
  <system-out/>
  <testcase name="ParseJsonTest" classname="org.api.AsanaGetRequestTest01">
    <skipped/>
  </testcase> <!-- ParseJsonTest -->
  <system-out/>
  <testcase name="ParseWorkspaceResonseT02" classname="org.api.AsanaGetRequestTest01">
    <skipped/>
  </testcase> <!-- ParseWorkspaceResonseT02 -->
  <system-out/>
  <testcase name="JsonParserT01" classname="org.api.AsanaGetRequestTest01">
    <skipped/>
  </testcase> <!-- JsonParserT01 -->
  <system-out/>
</testsuite> <!-- org.api.AsanaGetRequestTest01 -->
