<?xml version="1.0" encoding="UTF-8"?>
<!-- Generated by org.testng.reporters.JUnitReportReporter -->
<testsuite skipped="0" hostname="DESKTOP-7UV0A7E" name="org.test1.MyTest1" tests="3" failures="0" timestamp="2022-10-21T14:55:46 IST" time="0.648" errors="0">
  <testcase name="T1" time="0.016" classname="org.test1.MyTest1"/>
  <system-out/>
  <testcase name="testWriteJsonFile" time="0.624" classname="org.test1.MyTest1"/>
  <system-out/>
  <testcase name="testReadJsonFile" time="0.008" classname="org.test1.MyTest1"/>
  <system-out/>
</testsuite> <!-- org.test1.MyTest1 -->
