<?xml version="1.0" encoding="UTF-8"?>
<!-- Generated by org.testng.reporters.JUnitReportReporter -->
<testsuite skipped="0" hostname="DESKTOP-7UV0A7E" name="org.web.SimpleGoogleTests" tests="2" failures="0" timestamp="2022-10-21T13:28:37 IST" time="8.875" errors="0">
  <testcase name="Test2" time="0.000" classname="org.web.SimpleGoogleTests"/>
  <system-out/>
  <testcase name="searchtest" time="8.875" classname="org.web.SimpleGoogleTests"/>
  <system-out/>
</testsuite> <!-- org.web.SimpleGoogleTests -->
