<?xml version="1.0" encoding="UTF-8"?>
<!-- Generated by org.testng.reporters.JUnitReportReporter -->
<testsuite skipped="0" hostname="DESKTOP-7UV0A7E" name="org.web.SimpleGoogleTests" tests="2" failures="0" timestamp="2022-10-21T13:34:13 IST" time="9.505" errors="0">
  <testcase name="Test2" time="0.002" classname="org.web.SimpleGoogleTests"/>
  <system-out/>
  <testcase name="searchtest" time="9.503" classname="org.web.SimpleGoogleTests"/>
  <system-out/>
</testsuite> <!-- org.web.SimpleGoogleTests -->
