<?xml version="1.0" encoding="UTF-8"?>
<!-- Generated by org.testng.reporters.JUnitReportReporter -->
<testsuite skipped="0" hostname="DESKTOP-7UV0A7E" name="org.test1.MyTest1" tests="3" failures="0" timestamp="2022-10-21T13:11:04 IST" time="1.037" errors="0">
  <testcase name="T1" time="0.006" classname="org.test1.MyTest1"/>
  <system-out/>
  <testcase name="testWriteJsonFile" time="0.887" classname="org.test1.MyTest1"/>
  <system-out/>
  <testcase name="testReadJsonFile" time="0.144" classname="org.test1.MyTest1"/>
  <system-out/>
</testsuite> <!-- org.test1.MyTest1 -->
