<?xml version="1.0" encoding="UTF-8"?>
<!-- Generated by org.testng.reporters.JUnitReportReporter -->
<testsuite skipped="0" hostname="DESKTOP-7UV0A7E" name="org.web.SimpleGoogleTests" tests="1" failures="0" timestamp="2022-10-21T12:19:13 IST" time="8.034" errors="0">
  <testcase name="searchtest" time="8.034" classname="org.web.SimpleGoogleTests"/>
  <system-out/>
</testsuite> <!-- org.web.SimpleGoogleTests -->
